<?xml version="1.0" encoding="UTF-8"?>
<coverage generated="1596753120661" clover="3.2.0">
  <project timestamp="1596753120661" name="All files">
    <metrics statements="3" coveredstatements="3" conditionals="0" coveredconditionals="0" methods="2" coveredmethods="2" elements="5" coveredelements="5" complexity="0" loc="3" ncloc="3" packages="1" files="1" classes="1"/>
    <file name="ReviewParent.jsx" path="/Users/sid/Documents/SEI/Senior Phase/FEC/review/client/src/components/ReviewParent.jsx">
      <metrics statements="3" coveredstatements="3" conditionals="0" coveredconditionals="0" methods="2" coveredmethods="2"/>
      <line num="6" count="3" type="stmt"/>
      <line num="8" count="3" type="stmt"/>
      <line num="14" count="3" type="stmt"/>
    </file>
  </project>
</coverage>
